<?xml version="1.0" encoding="UTF-8"?>
<testsuite xmlns:xsi="http://www.w3.org/2001/XMLSchema-instance" xsi:noNamespaceSchemaLocation="https://maven.apache.org/surefire/maven-surefire-plugin/xsd/surefire-test-report.xsd" name="MinMaxFinderTest" time="0.001" tests="3" errors="0" skipped="0" failures="0">
  <properties>
    <property name="java.specification.version" value="17"/>
    <property name="sun.cpu.isalist" value="amd64"/>
    <property name="sun.jnu.encoding" value="Cp1252"/>
    <property name="java.class.path" value="C:\Users\PriyankaY Workspace\Desktop\JUnitQ1_MinMax\target\test-classes;C:\Users\PriyankaY Workspace\Desktop\JUnitQ1_MinMax\target\classes;C:\Users\PriyankaY Workspace\.m2\repository\junit\junit\4.11\junit-4.11.jar;C:\Users\PriyankaY Workspace\.m2\repository\org\hamcrest\hamcrest-core\1.3\hamcrest-core-1.3.jar;"/>
    <property name="java.vm.vendor" value="Eclipse Adoptium"/>
    <property name="sun.arch.data.model" value="64"/>
    <property name="user.variant" value=""/>
    <property name="java.vendor.url" value="https://adoptium.net/"/>
    <property name="user.timezone" value="Asia/Calcutta"/>
    <property name="os.name" value="Windows 10"/>
    <property name="java.vm.specification.version" value="17"/>
    <property name="sun.java.launcher" value="SUN_STANDARD"/>
    <property name="user.country" value="IN"/>
    <property name="sun.boot.library.path" value="C:\Program Files\Eclipse Adoptium\jdk-17.0.1.12-hotspot\bin"/>
    <property name="sun.java.command" value="C:\Users\PriyankaY Workspace\AppData\Local\Temp\surefire16622431199753302812\surefirebooter3849061066977085847.jar C:\Users\PriyankaY Workspace\AppData\Local\Temp\surefire16622431199753302812 2021-11-16T14-34-12_030-jvmRun1 surefire1100913073109754625tmp surefire_011472900700610123058tmp"/>
    <property name="jdk.debug" value="release"/>
    <property name="surefire.test.class.path" value="C:\Users\PriyankaY Workspace\Desktop\JUnitQ1_MinMax\target\test-classes;C:\Users\PriyankaY Workspace\Desktop\JUnitQ1_MinMax\target\classes;C:\Users\PriyankaY Workspace\.m2\repository\junit\junit\4.11\junit-4.11.jar;C:\Users\PriyankaY Workspace\.m2\repository\org\hamcrest\hamcrest-core\1.3\hamcrest-core-1.3.jar;"/>
    <property name="sun.cpu.endian" value="little"/>
    <property name="user.home" value="C:\Users\PriyankaY Workspace"/>
    <property name="user.language" value="en"/>
    <property name="java.specification.vendor" value="Oracle Corporation"/>
    <property name="java.version.date" value="2021-10-19"/>
    <property name="java.home" value="C:\Program Files\Eclipse Adoptium\jdk-17.0.1.12-hotspot"/>
    <property name="file.separator" value="\"/>
    <property name="basedir" value="C:\Users\PriyankaY Workspace\Desktop\JUnitQ1_MinMax"/>
    <property name="java.vm.compressedOopsMode" value="32-bit"/>
    <property name="line.separator" value="&#10;"/>
    <property name="java.vm.specification.vendor" value="Oracle Corporation"/>
    <property name="java.specification.name" value="Java Platform API Specification"/>
    <property name="surefire.real.class.path" value="C:\Users\PriyankaY Workspace\AppData\Local\Temp\surefire16622431199753302812\surefirebooter3849061066977085847.jar"/>
    <property name="user.script" value=""/>
    <property name="sun.management.compiler" value="HotSpot 64-Bit Tiered Compilers"/>
    <property name="java.runtime.version" value="17.0.1+12"/>
    <property name="user.name" value="PriyankaY Workspace"/>
    <property name="path.separator" value=";"/>
    <property name="os.version" value="10.0"/>
    <property name="java.runtime.name" value="OpenJDK Runtime Environment"/>
    <property name="file.encoding" value="Cp1252"/>
    <property name="java.vm.name" value="OpenJDK 64-Bit Server VM"/>
    <property name="java.vendor.version" value="Temurin-17.0.1+12"/>
    <property name="localRepository" value="C:\Users\PriyankaY Workspace\.m2\repository"/>
    <property name="java.vendor.url.bug" value="https://github.com/adoptium/adoptium-support/issues"/>
    <property name="java.io.tmpdir" value="C:\Users\PriyankaY Workspace\AppData\Local\Temp\"/>
    <property name="java.version" value="17.0.1"/>
    <property name="user.dir" value="C:\Users\PriyankaY Workspace\Desktop\JUnitQ1_MinMax"/>
    <property name="os.arch" value="amd64"/>
    <property name="java.vm.specification.name" value="Java Virtual Machine Specification"/>
    <property name="sun.os.patch.level" value=""/>
    <property name="native.encoding" value="Cp1252"/>
    <property name="java.library.path" value="C:\Program Files\Eclipse Adoptium\jdk-17.0.1.12-hotspot\bin;C:\WINDOWS\Sun\Java\bin;C:\WINDOWS\system32;C:\WINDOWS;C:/Program Files/Eclipse Adoptium/jdk-17.0.1.12-hotspot/bin/server;C:/Program Files/Eclipse Adoptium/jdk-17.0.1.12-hotspot/bin;C:\Program Files\Eclipse Adoptium\jdk-17.0.1.12-hotspot\bin;C:\Program Files\Common Files\Oracle\Java\javapath;C:\Program Files\Java\jdk-12.0.1\bin;D:\OracleDatabase\app\oracle\product\10.2.0\server\bin;C:\Program Files (x86)\Common Files\Oracle\Java\javapath;C:\ProgramData\Oracle\Java\javapath;C:\WINDOWS\system32;C:\WINDOWS;C:\WINDOWS\System32\Wbem;C:\WINDOWS\System32\WindowsPowerShell\v1.0\;C:\WINDOWS\System32\OpenSSH\;C:\Program Files\nodejs\;C:\Program Files (x86)\Intel\Intel(R) Management Engine Components\DAL;C:\Program Files\Intel\Intel(R) Management Engine Components\DAL;D:\Git GitHub\Git\cmd;C:\Program Files\MySQL\MySQL Shell 8.0\bin\;C:\Users\PriyankaY Workspace\AppData\Local\Microsoft\WindowsApps;D:\VS_CODE\Workspace VS Code\Microsoft VS Code\bin;D:\mongosh-1.1.0-win32-x64\bin;D:\MongoDB\MongoDatabase Tool\mongodb-database-tools-windows-x86_64-100.5.1\bin;D:\MongoDB\MongoDB Server\mongodb-win32-x86_64-windows-5.0.3\bin;;C:\Users\PriyankaY Workspace\Desktop;;."/>
    <property name="java.vm.info" value="mixed mode, sharing"/>
    <property name="java.vendor" value="Eclipse Adoptium"/>
    <property name="java.vm.version" value="17.0.1+12"/>
    <property name="sun.io.unicode.encoding" value="UnicodeLittle"/>
    <property name="java.class.version" value="61.0"/>
  </properties>
  <testcase name="testMinMaxFinder3" classname="MinMaxFinderTest" time="0"/>
  <testcase name="testFindMinMax2" classname="MinMaxFinderTest" time="0"/>
  <testcase name="testFinderMinMax" classname="MinMaxFinderTest" time="0"/>
</testsuite>